{
  "stats": {
    "suites": 0,
    "tests": 2,
    "passes": 2,
    "pending": 0,
    "failures": 0,
    "start": "2023-08-31T11:03:54.915Z",
    "end": "2023-08-31T11:05:10.383Z",
    "duration": 75468,
    "testsRegistered": 2,
    "passPercent": 100,
    "pendingPercent": 0,
    "other": 0,
    "hasOther": false,
    "skipped": 0,
    "hasSkipped": false
  },
  "results": [
    {
      "uuid": "29526352-3833-4483-a9c8-be9ab704e447",
      "title": "",
      "fullFile": "cypress\\e2e\\GoogleSearch.cy.js",
      "file": "cypress\\e2e\\GoogleSearch.cy.js",
      "beforeHooks": [],
      "afterHooks": [],
      "tests": [
        {
          "title": "Google Search 1st Test",
          "fullTitle": "Google Search 1st Test",
          "timedOut": null,
          "duration": 36097,
          "state": "passed",
          "speed": "slow",
          "pass": true,
          "fail": false,
          "pending": false,
          "context": null,
          "code": "cy.log('Google 1st Test starts');\ncy.visit('https://www.google.com');\ncy.get('.gLFyf').type('cypress{enter}');\ncy.wait(5000);\ncy.contains('Відео').click();\ncy.log('Google 1st Test ends');",
          "err": {},
          "uuid": "b1c63188-216e-4357-9584-97702d4c4bfe",
          "parentUUID": "29526352-3833-4483-a9c8-be9ab704e447",
          "isHook": false,
          "skipped": false
        },
        {
          "title": "Google Search 2st Test",
          "fullTitle": "Google Search 2st Test",
          "timedOut": null,
          "duration": 30359,
          "state": "passed",
          "speed": "slow",
          "pass": true,
          "fail": false,
          "pending": false,
          "context": null,
          "code": "cy.log('Google 2st Test starts');\ncy.visit('https://www.google.com');\ncy.get('.gLFyf').type('cypress{enter}');\ncy.wait(5000);\ncy.contains('Відео').click();\ncy.log('Google 2st Test ends');",
          "err": {},
          "uuid": "980dba6a-cb95-4ddd-877e-6303b3573a54",
          "parentUUID": "29526352-3833-4483-a9c8-be9ab704e447",
          "isHook": false,
          "skipped": false
        }
      ],
      "suites": [],
      "passes": [
        "b1c63188-216e-4357-9584-97702d4c4bfe",
        "980dba6a-cb95-4ddd-877e-6303b3573a54"
      ],
      "failures": [],
      "pending": [],
      "skipped": [],
      "duration": 66456,
      "root": true,
      "rootEmpty": false,
      "_timeout": 2000
    }
  ],
  "meta": {
    "mocha": {
      "version": "7.0.1"
    },
    "mochawesome": {
      "options": {
        "quiet": false,
        "reportFilename": "mochawesome",
        "saveHtml": false,
        "saveJson": true,
        "consoleReporter": "spec",
        "useInlineDiffs": false,
        "code": true
      },
      "version": "7.1.3"
    },
    "marge": {
      "options": {
        "charts": true,
        "overwrite": false,
        "html": false,
        "json": true,
        "reportDir": "cypress/report",
        "e2e": {
          "watchForFileChanges": true,
          "defaultCommandTimeout": 7000,
          "setupNodeEvents": "[Function setupNodeEvents]"
        }
      },
      "version": "6.2.0"
    }
  }
}