{
  "stats": {
    "suites": 0,
    "tests": 2,
    "passes": 2,
    "pending": 0,
    "failures": 0,
    "start": "2023-07-18T09:28:46.227Z",
    "end": "2023-07-18T09:29:47.062Z",
    "duration": 60835,
    "testsRegistered": 2,
    "passPercent": 100,
    "pendingPercent": 0,
    "other": 0,
    "hasOther": false,
    "skipped": 0,
    "hasSkipped": false
  },
  "results": [
    {
      "uuid": "b10d3cf1-36e6-4b2f-8ca9-d47dfad07b68",
      "title": "",
      "fullFile": "cypress\\e2e\\GoogleSearch.cy.js",
      "file": "cypress\\e2e\\GoogleSearch.cy.js",
      "beforeHooks": [],
      "afterHooks": [],
      "tests": [
        {
          "title": "Google Search 1st Test",
          "fullTitle": "Google Search 1st Test",
          "timedOut": null,
          "duration": 27040,
          "state": "passed",
          "speed": "slow",
          "pass": true,
          "fail": false,
          "pending": false,
          "context": null,
          "code": "cy.log('Google 1st Test starts');\ncy.visit('https://www.google.com');\ncy.get('.gLFyf').type('cypress{enter}');\ncy.wait(5000);\ncy.contains('Відео').click();\ncy.log('Google 1st Test ends');",
          "err": {},
          "uuid": "391367d7-0307-4e6c-94ba-465f103a3c69",
          "parentUUID": "b10d3cf1-36e6-4b2f-8ca9-d47dfad07b68",
          "isHook": false,
          "skipped": false
        },
        {
          "title": "Google Search 2st Test",
          "fullTitle": "Google Search 2st Test",
          "timedOut": null,
          "duration": 26358,
          "state": "passed",
          "speed": "slow",
          "pass": true,
          "fail": false,
          "pending": false,
          "context": null,
          "code": "cy.log('Google 2st Test starts');\ncy.visit('https://www.google.com');\ncy.get('.gLFyf').type('cypress{enter}');\ncy.wait(5000);\ncy.contains('Відео').click();\ncy.log('Google 2st Test ends');",
          "err": {},
          "uuid": "1a04ba51-061b-4024-b32c-41d2ac8e014e",
          "parentUUID": "b10d3cf1-36e6-4b2f-8ca9-d47dfad07b68",
          "isHook": false,
          "skipped": false
        }
      ],
      "suites": [],
      "passes": [
        "391367d7-0307-4e6c-94ba-465f103a3c69",
        "1a04ba51-061b-4024-b32c-41d2ac8e014e"
      ],
      "failures": [],
      "pending": [],
      "skipped": [],
      "duration": 53398,
      "root": true,
      "rootEmpty": false,
      "_timeout": 2000
    }
  ],
  "meta": {
    "mocha": {
      "version": "7.0.1"
    },
    "mochawesome": {
      "options": {
        "quiet": false,
        "reportFilename": "mochawesome",
        "saveHtml": false,
        "saveJson": true,
        "consoleReporter": "spec",
        "useInlineDiffs": false,
        "code": true
      },
      "version": "7.1.3"
    },
    "marge": {
      "options": {
        "charts": true,
        "overwrite": false,
        "html": false,
        "json": true,
        "reportDir": "cypress/report",
        "e2e": {
          "watchForFileChanges": true,
          "defaultCommandTimeout": 7000,
          "setupNodeEvents": "[Function setupNodeEvents]"
        }
      },
      "version": "6.2.0"
    }
  }
}