{
  "stats": {
    "suites": 0,
    "tests": 1,
    "passes": 1,
    "pending": 0,
    "failures": 0,
    "start": "2023-08-31T11:10:20.548Z",
    "end": "2023-08-31T11:10:29.874Z",
    "duration": 9326,
    "testsRegistered": 1,
    "passPercent": 100,
    "pendingPercent": 0,
    "other": 0,
    "hasOther": false,
    "skipped": 0,
    "hasSkipped": false
  },
  "results": [
    {
      "uuid": "63738564-9ce5-4412-be7d-8dd6bea2c66e",
      "title": "",
      "fullFile": "cypress\\e2e\\login.cy.js",
      "file": "cypress\\e2e\\login.cy.js",
      "beforeHooks": [],
      "afterHooks": [],
      "tests": [
        {
          "title": "login test",
          "fullTitle": "login test",
          "timedOut": null,
          "duration": 2104,
          "state": "passed",
          "speed": "fast",
          "pass": true,
          "fail": false,
          "pending": false,
          "context": null,
          "code": "cy.log('Login 1st Test starts');\nxyi.navigate('https://trytestingthis.netlify.app/');\nxyi.enterUserName('test');\nxyi.enterPassword('test');\nxyi.clickLogin();\ncy.log('Login 1st Test ends');",
          "err": {},
          "uuid": "ef443dc2-3fb8-47ad-82a4-5e5538f89c3f",
          "parentUUID": "63738564-9ce5-4412-be7d-8dd6bea2c66e",
          "isHook": false,
          "skipped": false
        }
      ],
      "suites": [],
      "passes": [
        "ef443dc2-3fb8-47ad-82a4-5e5538f89c3f"
      ],
      "failures": [],
      "pending": [],
      "skipped": [],
      "duration": 2104,
      "root": true,
      "rootEmpty": false,
      "_timeout": 2000
    }
  ],
  "meta": {
    "mocha": {
      "version": "7.0.1"
    },
    "mochawesome": {
      "options": {
        "quiet": false,
        "reportFilename": "mochawesome",
        "saveHtml": false,
        "saveJson": true,
        "consoleReporter": "spec",
        "useInlineDiffs": false,
        "code": true
      },
      "version": "7.1.3"
    },
    "marge": {
      "options": {
        "charts": true,
        "overwrite": false,
        "html": false,
        "json": true,
        "reportDir": "cypress/report",
        "e2e": {
          "watchForFileChanges": true,
          "defaultCommandTimeout": 7000,
          "setupNodeEvents": "[Function setupNodeEvents]"
        }
      },
      "version": "6.2.0"
    }
  }
}