{
  "stats": {
    "suites": 0,
    "tests": 1,
    "passes": 1,
    "pending": 0,
    "failures": 0,
    "start": "2023-08-31T11:05:43.533Z",
    "end": "2023-08-31T11:05:52.984Z",
    "duration": 9451,
    "testsRegistered": 1,
    "passPercent": 100,
    "pendingPercent": 0,
    "other": 0,
    "hasOther": false,
    "skipped": 0,
    "hasSkipped": false
  },
  "results": [
    {
      "uuid": "2e636968-20fc-47a5-a657-204b0b9098ef",
      "title": "",
      "fullFile": "cypress\\e2e\\login.cy.js",
      "file": "cypress\\e2e\\login.cy.js",
      "beforeHooks": [],
      "afterHooks": [],
      "tests": [
        {
          "title": "login test",
          "fullTitle": "login test",
          "timedOut": null,
          "duration": 2299,
          "state": "passed",
          "speed": "fast",
          "pass": true,
          "fail": false,
          "pending": false,
          "context": null,
          "code": "cy.log('Login 1st Test starts');\nxyi.navigate('https://trytestingthis.netlify.app/');\nxyi.enterUserName('test');\nxyi.enterPassword('test');\nxyi.clickLogin();\ncy.log('Login 1st Test ends');",
          "err": {},
          "uuid": "9b8418c6-ac86-46cf-aaff-730aaef8ad6c",
          "parentUUID": "2e636968-20fc-47a5-a657-204b0b9098ef",
          "isHook": false,
          "skipped": false
        }
      ],
      "suites": [],
      "passes": [
        "9b8418c6-ac86-46cf-aaff-730aaef8ad6c"
      ],
      "failures": [],
      "pending": [],
      "skipped": [],
      "duration": 2299,
      "root": true,
      "rootEmpty": false,
      "_timeout": 2000
    }
  ],
  "meta": {
    "mocha": {
      "version": "7.0.1"
    },
    "mochawesome": {
      "options": {
        "quiet": false,
        "reportFilename": "mochawesome",
        "saveHtml": false,
        "saveJson": true,
        "consoleReporter": "spec",
        "useInlineDiffs": false,
        "code": true
      },
      "version": "7.1.3"
    },
    "marge": {
      "options": {
        "charts": true,
        "overwrite": false,
        "html": false,
        "json": true,
        "reportDir": "cypress/report",
        "e2e": {
          "watchForFileChanges": true,
          "defaultCommandTimeout": 7000,
          "setupNodeEvents": "[Function setupNodeEvents]"
        }
      },
      "version": "6.2.0"
    }
  }
}