{
  "stats": {
    "suites": 0,
    "tests": 2,
    "passes": 2,
    "pending": 0,
    "failures": 0,
    "start": "2023-08-31T11:08:16.525Z",
    "end": "2023-08-31T11:09:44.188Z",
    "duration": 87663,
    "testsRegistered": 2,
    "passPercent": 100,
    "pendingPercent": 0,
    "other": 0,
    "hasOther": false,
    "skipped": 0,
    "hasSkipped": false
  },
  "results": [
    {
      "uuid": "aab0af46-0a60-4f2c-a5f4-ca6cb4a47a2d",
      "title": "",
      "fullFile": "cypress\\e2e\\GoogleSearch.cy.js",
      "file": "cypress\\e2e\\GoogleSearch.cy.js",
      "beforeHooks": [],
      "afterHooks": [],
      "tests": [
        {
          "title": "Google Search 1st Test",
          "fullTitle": "Google Search 1st Test",
          "timedOut": null,
          "duration": 43215,
          "state": "passed",
          "speed": "slow",
          "pass": true,
          "fail": false,
          "pending": false,
          "context": null,
          "code": "cy.log('Google 1st Test starts');\ncy.visit('https://www.google.com');\ncy.get('.gLFyf').type('cypress{enter}');\ncy.wait(5000);\ncy.contains('Відео').click();\ncy.log('Google 1st Test ends');",
          "err": {},
          "uuid": "87410f97-947f-4ae3-ba10-a7a04284ce88",
          "parentUUID": "aab0af46-0a60-4f2c-a5f4-ca6cb4a47a2d",
          "isHook": false,
          "skipped": false
        },
        {
          "title": "Google Search 2st Test",
          "fullTitle": "Google Search 2st Test",
          "timedOut": null,
          "duration": 35171,
          "state": "passed",
          "speed": "slow",
          "pass": true,
          "fail": false,
          "pending": false,
          "context": null,
          "code": "cy.log('Google 2st Test starts');\ncy.visit('https://www.google.com');\ncy.get('.gLFyf').type('cypress{enter}');\ncy.wait(5000);\ncy.contains('Відео').click();\ncy.log('Google 2st Test ends');",
          "err": {},
          "uuid": "c72461b9-abf1-4cb7-828c-2f046e39786b",
          "parentUUID": "aab0af46-0a60-4f2c-a5f4-ca6cb4a47a2d",
          "isHook": false,
          "skipped": false
        }
      ],
      "suites": [],
      "passes": [
        "87410f97-947f-4ae3-ba10-a7a04284ce88",
        "c72461b9-abf1-4cb7-828c-2f046e39786b"
      ],
      "failures": [],
      "pending": [],
      "skipped": [],
      "duration": 78386,
      "root": true,
      "rootEmpty": false,
      "_timeout": 2000
    }
  ],
  "meta": {
    "mocha": {
      "version": "7.0.1"
    },
    "mochawesome": {
      "options": {
        "quiet": false,
        "reportFilename": "mochawesome",
        "saveHtml": false,
        "saveJson": true,
        "consoleReporter": "spec",
        "useInlineDiffs": false,
        "code": true
      },
      "version": "7.1.3"
    },
    "marge": {
      "options": {
        "charts": true,
        "overwrite": false,
        "html": false,
        "json": true,
        "reportDir": "cypress/report",
        "e2e": {
          "watchForFileChanges": true,
          "defaultCommandTimeout": 7000,
          "setupNodeEvents": "[Function setupNodeEvents]"
        }
      },
      "version": "6.2.0"
    }
  }
}