{
  "stats": {
    "suites": 0,
    "tests": 1,
    "passes": 1,
    "pending": 0,
    "failures": 0,
    "start": "2023-08-31T11:03:27.468Z",
    "end": "2023-08-31T11:03:38.109Z",
    "duration": 10641,
    "testsRegistered": 1,
    "passPercent": 100,
    "pendingPercent": 0,
    "other": 0,
    "hasOther": false,
    "skipped": 0,
    "hasSkipped": false
  },
  "results": [
    {
      "uuid": "13f37db2-25cd-43aa-ae74-351babae5b87",
      "title": "",
      "fullFile": "cypress\\e2e\\assertions.cy.js",
      "file": "cypress\\e2e\\assertions.cy.js",
      "beforeHooks": [],
      "afterHooks": [],
      "tests": [
        {
          "title": "learning assertions",
          "fullTitle": "learning assertions",
          "timedOut": null,
          "duration": 3306,
          "state": "passed",
          "speed": "fast",
          "pass": true,
          "fail": false,
          "pending": false,
          "context": null,
          "code": "cy.visit('https://example.cypress.io/');\ncy.contains('get').click();\ncy.get('#query-btn').should('contain', \"Button\").should('have.class', 'query-btn').should('not.have.class', 'query-btn3').and('be.visible').and('be.enabled').and('not.be.disabled');\ncy.get('#query-btn').invoke('attr', 'class').should('equal', 'query-btn btn btn-primary'); // need to take needed attribute from selector\n//explicit\nexpect(true).to.be.true;\nlet neme = 'cypress';\nexpect(neme).to.be.equal('cypress');\nexpect(neme).to.be.a('string');\nassert.equal(4, 4, 'Not Equal');\nassert.strictEqual('4', '4', 'Not stricly Equal');",
          "err": {},
          "uuid": "fea47444-1a6f-497b-9069-1468c2064c27",
          "parentUUID": "13f37db2-25cd-43aa-ae74-351babae5b87",
          "isHook": false,
          "skipped": false
        }
      ],
      "suites": [],
      "passes": [
        "fea47444-1a6f-497b-9069-1468c2064c27"
      ],
      "failures": [],
      "pending": [],
      "skipped": [],
      "duration": 3306,
      "root": true,
      "rootEmpty": false,
      "_timeout": 2000
    }
  ],
  "meta": {
    "mocha": {
      "version": "7.0.1"
    },
    "mochawesome": {
      "options": {
        "quiet": false,
        "reportFilename": "mochawesome",
        "saveHtml": false,
        "saveJson": true,
        "consoleReporter": "spec",
        "useInlineDiffs": false,
        "code": true
      },
      "version": "7.1.3"
    },
    "marge": {
      "options": {
        "charts": true,
        "overwrite": false,
        "html": false,
        "json": true,
        "reportDir": "cypress/report",
        "e2e": {
          "watchForFileChanges": true,
          "defaultCommandTimeout": 7000,
          "setupNodeEvents": "[Function setupNodeEvents]"
        }
      },
      "version": "6.2.0"
    }
  }
}